Arguments: 
  /usr/local/bin/node /usr/local/bin/yarn electron:build-win

PATH: 
  /Users/angel/flutter/bin/cache/dart-sdk/bin:/Users/angel/flutter/bin:/usr/local/opt/sphinx-doc/bin:/usr/local/opt/libxml2/bin:/usr/local/bin:/usr/local/sbin:/Users/angel/bin:/usr/local/bin:/usr/local/bin:/usr/bin:/bin:/usr/sbin:/sbin:/usr/local/go/bin:/opt/X11/bin:/Users/angel/Library/Android/sdk/tools:/Users/angel/Library/Android/sdk/tools/bin:/Users/angel/Library/Android/sdk/platform-tools:/Users/angel/Library/Android/sdk/emulator:/Users/angel/GOHOME/bin:/usr/local/Cellar/go/1.13.4/libexec/bin:/Users/angel/Library/Android/sdk/tools:/Users/angel/Library/Android/sdk/tools/bin:/Users/angel/Library/Android/sdk/platform-tools:/Users/angel/Library/Android/sdk/emulator:/Users/angel/.rvm/bin

Yarn version: 
  1.15.2

Node version: 
  12.13.0

Platform: 
  darwin x64

Trace: 
  SyntaxError: /Users/angel/jiefu/electron-dva-example/package.json: Unexpected token } in JSON at position 979
      at JSON.parse (<anonymous>)
      at /usr/local/lib/node_modules/yarn/lib/cli.js:1625:59
      at Generator.next (<anonymous>)
      at step (/usr/local/lib/node_modules/yarn/lib/cli.js:304:30)
      at /usr/local/lib/node_modules/yarn/lib/cli.js:315:13

npm manifest: 
  {
    "private": true,
    "main": "main.js",
    "name": "electron-dva-example",
    "version": "0.0.2",
    "homepage": ".",
    "scripts": {
      "start": "roadhog server ",
      "electron:start": "electron .",
      "electron:build-osx": "rm -rf ./out && electron-packager ~/jiefu/electron-dva-example/dist 高岭土预估工具 --platform=darwin --arch=x64 --icon=logo.icns  --out=./out/osx --ar --app-version=0.0.1 --electron-version=8.1.1",
      "electron:build-win": "rm -rf ./out && electron-packager ~/jiefu/electron-dva-example/dist 高岭土预估工具 --platform=win32 --arch=x64 --icon=logo.icns  --out=./out/osx --ar --app-version=0.0.1 --electron-version=8.1.1",
      "build": "roadhog build && cp ./packager/** ./dist/",
      "app:build": "./node_modules/.bin/electron-builder --prepackaged ./out/osx/高岭土预估工具-darwin-x64",
      "lint": "eslint --ext .js src test",
      "precommit": "npm run lint"
    },
    "build": {
      "appId": "sister-project.id",
      "mac": {
        "category": "your.app.category.type",
      },
      "win":{
              "icon": "logo.ico"
      },
      "directories": {
        "output": "build"
      }
    },
    "dependencies": {
      "antd": "^3.26.13",
      "babel-plugin-import": "^1.13.0",
      "dva": "^2.4.1",
      "electron-packager": "^14.2.1",
      "react": "^16.13.0",
      "react-dom": "^16.2.0"
    },
    "devDependencies": {
      "babel-plugin-dva-hmr": "^0.3.2",
      "electron-builder": "^22.3.6",
      "eslint": "^4.14.0",
      "eslint-config-umi": "^0.1.1",
      "eslint-plugin-flowtype": "^2.34.1",
      "eslint-plugin-import": "^2.6.0",
      "eslint-plugin-jsx-a11y": "^5.1.1",
      "eslint-plugin-react": "^7.1.0",
      "husky": "^0.12.0",
      "redbox-react": "^1.4.3",
      "roadhog": "^2.5.0-beta.4"
    }
  }

yarn manifest: 
  No manifest

Lockfile: 
  No lockfile
